This file contains any messages produced by compilers while
running configure, to aid debugging if configure makes a mistake.

It was created by apertium-ia configure 0.1.0, which was
generated by GNU Autoconf 2.69.  Invocation command line was

  $ ./configure 

## --------- ##
## Platform. ##
## --------- ##

hostname = ethanchi
uname -m = x86_64
uname -r = 12.4.0
uname -s = Darwin
uname -v = Darwin Kernel Version 12.4.0: Wed May  1 17:57:12 PDT 2013; root:xnu-2050.24.15~1/RELEASE_X86_64

/usr/bin/uname -p = i386
/bin/uname -X     = unknown

/bin/arch              = unknown
/usr/bin/arch -k       = unknown
/usr/convex/getsysinfo = unknown
/usr/bin/hostinfo      = Mach kernel version:
	 Darwin Kernel Version 12.4.0: Wed May  1 17:57:12 PDT 2013; root:xnu-2050.24.15~1/RELEASE_X86_64
Kernel configured for up to 8 processors.
4 processors are physically available.
8 processors are logically available.
Processor type: i486 (Intel 80486)
Processors active: 0 1 2 3 4 5 6 7
Primary memory available: 14.00 gigabytes
Default processor set: 196 tasks, 1289 threads, 8 processors
Load average: 2.15, Mach factor: 5.83
/bin/machine           = unknown
/usr/bin/oslevel       = unknown
/bin/universe          = unknown

PATH: /Users/ethanchi/google-cloud-sdk/bin
PATH: /Users/ethanchi/.pyenv/shims
PATH: /Users/ethanchi/.pyenv/shims
PATH: /Library/Frameworks/Python.framework/Versions/2.7/bin
PATH: /opt/local/bin
PATH: /opt/local/sbin
PATH: /opt/local/bin
PATH: /opt/local/sbin
PATH: /Library/Frameworks/Python.framework/Versions/2.7/bin
PATH: /Library/Frameworks/Python.framework/Versions/Current/bin
PATH: /Users/ethanchi/.pyenv/bin
PATH: /usr/local/bin
PATH: /usr/bin
PATH: /bin
PATH: /usr/sbin
PATH: /sbin
PATH: /usr/local/bin
PATH: /opt/X11/bin
PATH: /usr/local/git/bin
PATH: /usr/local/MacGPG2/bin
PATH: /Library/TeX/texbin
PATH: /usr/local/bin


## ----------- ##
## Core tests. ##
## ----------- ##

configure:1783: checking for a BSD-compatible install
configure:1851: result: /usr/bin/install -c
configure:1862: checking whether build environment is sane
configure:1917: result: yes
configure:2068: checking for a thread-safe mkdir -p
configure:2107: result: ./install-sh -c -d
configure:2114: checking for gawk
configure:2130: found /opt/local/bin/gawk
configure:2141: result: gawk
configure:2152: checking whether make sets $(MAKE)
configure:2174: result: yes
configure:2203: checking whether make supports nested variables
configure:2220: result: yes
configure:2337: checking whether ln -s works
configure:2341: result: yes
configure:2352: checking for gawk
configure:2379: result: gawk
configure:2448: checking for pkg-config
configure:2466: found /opt/local/bin/pkg-config
configure:2478: result: /opt/local/bin/pkg-config
configure:2503: checking pkg-config is at least version 0.9.0
configure:2506: result: yes
configure:2516: checking for APERTIUM
configure:2523: $PKG_CONFIG --exists --print-errors "apertium >= 3.3.0"
configure:2526: $? = 0
configure:2540: $PKG_CONFIG --exists --print-errors "apertium >= 3.3.0"
configure:2543: $? = 0
configure:2601: result: yes
configure:2607: checking for LTTOOLBOX
configure:2614: $PKG_CONFIG --exists --print-errors "lttoolbox >= 3.3.0"
configure:2617: $? = 0
configure:2631: $PKG_CONFIG --exists --print-errors "lttoolbox >= 3.3.0"
configure:2634: $? = 0
configure:2692: result: yes
configure:2699: checking for cg-comp
configure:2717: found /usr/local/bin/cg-comp
configure:2730: result: /usr/local/bin/cg-comp
configure:2955: checking that generated files are newer than configure
configure:2961: result: done
configure:2969: creating ./config.status

## ---------------------- ##
## Running config.status. ##
## ---------------------- ##

This file was extended by apertium-ia config.status 0.1.0, which was
generated by GNU Autoconf 2.69.  Invocation command line was

  CONFIG_FILES    = 
  CONFIG_HEADERS  = 
  CONFIG_LINKS    = 
  CONFIG_COMMANDS = 
  $ ./config.status 

on ethanchi

config.status:780: creating Makefile
config.status:780: creating apertium-ia.pc

## ---------------- ##
## Cache variables. ##
## ---------------- ##

ac_cv_env_APERTIUM_CFLAGS_set=
ac_cv_env_APERTIUM_CFLAGS_value=
ac_cv_env_APERTIUM_LIBS_set=
ac_cv_env_APERTIUM_LIBS_value=
ac_cv_env_LTTOOLBOX_CFLAGS_set=
ac_cv_env_LTTOOLBOX_CFLAGS_value=
ac_cv_env_LTTOOLBOX_LIBS_set=
ac_cv_env_LTTOOLBOX_LIBS_value=
ac_cv_env_PKG_CONFIG_LIBDIR_set=
ac_cv_env_PKG_CONFIG_LIBDIR_value=
ac_cv_env_PKG_CONFIG_PATH_set=set
ac_cv_env_PKG_CONFIG_PATH_value=:/usr/local/share/pkgconfig:/usr/local/lib/pkgconfig
ac_cv_env_PKG_CONFIG_set=
ac_cv_env_PKG_CONFIG_value=
ac_cv_env_build_alias_set=
ac_cv_env_build_alias_value=
ac_cv_env_host_alias_set=
ac_cv_env_host_alias_value=
ac_cv_env_target_alias_set=
ac_cv_env_target_alias_value=
ac_cv_path_CGCOMP=/usr/local/bin/cg-comp
ac_cv_path_ac_pt_PKG_CONFIG=/opt/local/bin/pkg-config
ac_cv_path_install='/usr/bin/install -c'
ac_cv_prog_AWK=gawk
ac_cv_prog_make_make_set=yes
am_cv_make_support_nested_variables=yes
pkg_cv_APERTIUM_CFLAGS='-I/usr/local/include/apertium-3.4 -I/usr/local/lib/apertium-3.4/include -I/usr/local/include/lttoolbox-3.3 -I/usr/local/lib/lttoolbox-3.3/include -I/usr/localcross/target/bin/../macports/pkgs/opt/local/include/libxml2 -I/usr/local/Cellar/pcre/8.36/include -I/opt/local/include/libxml2 '
pkg_cv_APERTIUM_LIBS='-L/usr/local/lib -L/usr/localcross/target/bin/../macports/pkgs/opt/local/lib -L/usr/local/Cellar/pcre/8.36/lib -L/opt/local/lib -lapertium3 -llttoolbox3 -lxml2 -lpcre '
pkg_cv_LTTOOLBOX_CFLAGS='-I/usr/local/include/lttoolbox-3.3 -I/usr/local/lib/lttoolbox-3.3/include -I/opt/local/include/libxml2 '
pkg_cv_LTTOOLBOX_LIBS='-L/usr/local/lib -L/opt/local/lib -llttoolbox3 -lxml2 '

## ----------------- ##
## Output variables. ##
## ----------------- ##

ACLOCAL='${SHELL} /Users/ethanchi/Documents/apy/apertium-ia/missing aclocal-1.14'
AMTAR='$${TAR-tar}'
AM_BACKSLASH='\'
AM_DEFAULT_V='$(AM_DEFAULT_VERBOSITY)'
AM_DEFAULT_VERBOSITY='1'
AM_V='$(V)'
APERTIUM_CFLAGS='-I/usr/local/include/apertium-3.4 -I/usr/local/lib/apertium-3.4/include -I/usr/local/include/lttoolbox-3.3 -I/usr/local/lib/lttoolbox-3.3/include -I/usr/localcross/target/bin/../macports/pkgs/opt/local/include/libxml2 -I/usr/local/Cellar/pcre/8.36/include -I/opt/local/include/libxml2 '
APERTIUM_LIBS='-L/usr/local/lib -L/usr/localcross/target/bin/../macports/pkgs/opt/local/lib -L/usr/local/Cellar/pcre/8.36/lib -L/opt/local/lib -lapertium3 -llttoolbox3 -lxml2 -lpcre '
AUTOCONF='${SHELL} /Users/ethanchi/Documents/apy/apertium-ia/missing autoconf'
AUTOHEADER='${SHELL} /Users/ethanchi/Documents/apy/apertium-ia/missing autoheader'
AUTOMAKE='${SHELL} /Users/ethanchi/Documents/apy/apertium-ia/missing automake-1.14'
AWK='gawk'
CGCOMP='/usr/local/bin/cg-comp'
CYGPATH_W='echo'
DEFS='-DPACKAGE_NAME=\"apertium-ia\" -DPACKAGE_TARNAME=\"apertium-ia\" -DPACKAGE_VERSION=\"0.1.0\" -DPACKAGE_STRING=\"apertium-ia\ 0.1.0\" -DPACKAGE_BUGREPORT=\"\" -DPACKAGE_URL=\"\"'
ECHO_C='\c'
ECHO_N=''
ECHO_T=''
INSTALL_DATA='${INSTALL} -m 644'
INSTALL_PROGRAM='${INSTALL}'
INSTALL_SCRIPT='${INSTALL}'
INSTALL_STRIP_PROGRAM='$(install_sh) -c -s'
LIBOBJS=''
LIBS=''
LN_S='ln -s'
LTLIBOBJS=''
LTTOOLBOX_CFLAGS='-I/usr/local/include/lttoolbox-3.3 -I/usr/local/lib/lttoolbox-3.3/include -I/opt/local/include/libxml2 '
LTTOOLBOX_LIBS='-L/usr/local/lib -L/opt/local/lib -llttoolbox3 -lxml2 '
MAKEINFO='${SHELL} /Users/ethanchi/Documents/apy/apertium-ia/missing makeinfo'
MKDIR_P='./install-sh -c -d'
PACKAGE='apertium-ia'
PACKAGE_BUGREPORT=''
PACKAGE_NAME='apertium-ia'
PACKAGE_STRING='apertium-ia 0.1.0'
PACKAGE_TARNAME='apertium-ia'
PACKAGE_URL=''
PACKAGE_VERSION='0.1.0'
PATH_SEPARATOR=':'
PKG_CONFIG='/opt/local/bin/pkg-config'
PKG_CONFIG_LIBDIR=''
PKG_CONFIG_PATH=':/usr/local/share/pkgconfig:/usr/local/lib/pkgconfig'
SET_MAKE=''
SHELL='/bin/sh'
STRIP=''
VERSION='0.1.0'
am__isrc=''
am__leading_dot='.'
am__tar='$${TAR-tar} chof - "$$tardir"'
am__untar='$${TAR-tar} xf -'
bindir='${exec_prefix}/bin'
build_alias=''
datadir='${datarootdir}'
datarootdir='${prefix}/share'
docdir='${datarootdir}/doc/${PACKAGE_TARNAME}'
dvidir='${docdir}'
exec_prefix='${prefix}'
host_alias=''
htmldir='${docdir}'
includedir='${prefix}/include'
infodir='${datarootdir}/info'
install_sh='${SHELL} /Users/ethanchi/Documents/apy/apertium-ia/install-sh'
libdir='${exec_prefix}/lib'
libexecdir='${exec_prefix}/libexec'
localedir='${datarootdir}/locale'
localstatedir='${prefix}/var'
mandir='${datarootdir}/man'
mkdir_p='$(MKDIR_P)'
oldincludedir='/usr/include'
pdfdir='${docdir}'
prefix='/usr/local'
program_transform_name='s,x,x,'
psdir='${docdir}'
sbindir='${exec_prefix}/sbin'
sharedstatedir='${prefix}/com'
sysconfdir='${prefix}/etc'
target_alias=''

## ------------------- ##
## File substitutions. ##
## ------------------- ##

ap_include='./ap_include.am'

## ----------- ##
## confdefs.h. ##
## ----------- ##

/* confdefs.h */
#define PACKAGE_NAME "apertium-ia"
#define PACKAGE_TARNAME "apertium-ia"
#define PACKAGE_VERSION "0.1.0"
#define PACKAGE_STRING "apertium-ia 0.1.0"
#define PACKAGE_BUGREPORT ""
#define PACKAGE_URL ""

configure: exit 0
